Sun Jun 17 2018 09:24:57 GMT+0530 (India Standard Time): GET /
Sun Aug 05 2018 19:04:34 GMT+0530 (IST): GET /bad
Sun Aug 05 2018 19:04:38 GMT+0530 (IST): GET /home
Sun Aug 05 2018 19:04:43 GMT+0530 (IST): GET /about
Sun Aug 05 2018 19:04:46 GMT+0530 (IST): GET /
Sun Aug 05 2018 19:04:47 GMT+0530 (IST): GET /about
Sun Aug 05 2018 19:04:48 GMT+0530 (IST): GET /
Sun Aug 05 2018 19:04:49 GMT+0530 (IST): GET /about
Mon Aug 06 2018 00:57:05 GMT+0530 (IST): GET /
Mon Aug 06 2018 00:57:09 GMT+0530 (IST): GET /about
Mon Aug 06 2018 00:57:11 GMT+0530 (IST): GET /
Mon Aug 06 2018 00:57:11 GMT+0530 (IST): GET /about
Mon Aug 06 2018 00:57:15 GMT+0530 (IST): GET /bad
Mon Aug 06 2018 00:57:20 GMT+0530 (IST): GET /help
Mon Aug 06 2018 00:57:26 GMT+0530 (IST): GET /sa;omas;f
Mon Aug 06 2018 01:38:18 GMT+0530 (IST): GET /
Mon Aug 06 2018 01:38:18 GMT+0530 (IST): GET /favicon.ico
Mon Aug 06 2018 01:38:20 GMT+0530 (IST): GET /
Mon Aug 06 2018 01:38:22 GMT+0530 (IST): GET /about
Mon Aug 06 2018 01:38:23 GMT+0530 (IST): GET /
Mon Aug 27 2018 13:25:15 GMT+0530 (India Standard Time): GET /
Mon Aug 27 2018 13:25:15 GMT+0530 (India Standard Time): GET /favicon.ico
Mon Aug 27 2018 13:25:18 GMT+0530 (India Standard Time): GET /about
Mon Aug 27 2018 13:25:19 GMT+0530 (India Standard Time): GET /
Mon Aug 27 2018 13:26:11 GMT+0530 (India Standard Time): GET /
Mon Aug 27 2018 13:26:12 GMT+0530 (India Standard Time): GET /
Mon Aug 27 2018 13:26:13 GMT+0530 (India Standard Time): GET /
Mon Aug 27 2018 13:26:14 GMT+0530 (India Standard Time): GET /about
Tue Aug 28 2018 13:27:09 GMT+0530 (India Standard Time): GET /
Tue Aug 28 2018 13:27:10 GMT+0530 (India Standard Time): GET /about
Tue Aug 28 2018 13:27:11 GMT+0530 (India Standard Time): GET /about
Tue Aug 28 2018 13:27:11 GMT+0530 (India Standard Time): GET /about
Tue Aug 28 2018 13:27:35 GMT+0530 (India Standard Time): GET /
Tue Aug 28 2018 13:27:36 GMT+0530 (India Standard Time): GET /about
Thu Aug 30 2018 13:28:41 GMT+0530 (India Standard Time): GET /
Thu Aug 30 2018 13:28:42 GMT+0530 (India Standard Time): GET /
Thu Aug 30 2018 13:28:42 GMT+0530 (India Standard Time): GET /
Mon Sep 03 2018 13:31:21 GMT+0530 (India Standard Time): GET /
Mon Sep 03 2018 13:31:21 GMT+0530 (India Standard Time): GET /
Mon Sep 03 2018 13:31:22 GMT+0530 (India Standard Time): GET /about
Mon Sep 03 2018 13:31:23 GMT+0530 (India Standard Time): GET /about
Mon Sep 03 2018 13:31:23 GMT+0530 (India Standard Time): GET /
Mon Sep 03 2018 13:31:24 GMT+0530 (India Standard Time): GET /about
Mon Sep 03 2018 13:31:25 GMT+0530 (India Standard Time): GET /
Fri Sep 07 2018 13:33:39 GMT+0530 (India Standard Time): GET /
Fri Sep 07 2018 13:33:39 GMT+0530 (India Standard Time): GET /
Fri Sep 07 2018 13:34:38 GMT+0530 (India Standard Time): GET /
Sat Sep 08 2018 13:34:36 GMT+0530 (India Standard Time): GET /
Sat Sep 08 2018 13:34:37 GMT+0530 (India Standard Time): GET /about
Sat Sep 08 2018 13:34:39 GMT+0530 (India Standard Time): GET /
Sat Sep 08 2018 13:34:59 GMT+0530 (India Standard Time): GET /bad
Sat Sep 08 2018 13:37:28 GMT+0530 (India Standard Time): GET /bad
Sat Sep 08 2018 13:37:33 GMT+0530 (India Standard Time): GET /maint
Sun Sep 09 2018 13:41:31 GMT+0530 (India Standard Time): GET /maint
Fri Oct 05 2018 19:26:55 GMT+0530 (India Standard Time): GET /
Fri Oct 05 2018 19:26:55 GMT+0530 (India Standard Time): GET /favicon.ico
Fri Oct 05 2018 19:26:57 GMT+0530 (India Standard Time): GET /
Fri Oct 05 2018 19:26:59 GMT+0530 (India Standard Time): GET /about
Fri Oct 05 2018 19:27:00 GMT+0530 (India Standard Time): GET /
Fri Oct 05 2018 19:27:01 GMT+0530 (India Standard Time): GET /about
Fri Oct 05 2018 19:27:03 GMT+0530 (India Standard Time): GET /
Sat Oct 27 2018 21:59:54 GMT+0530 (India Standard Time): GET /
Sat Oct 27 2018 21:59:55 GMT+0530 (India Standard Time): GET /favicon.ico
Sat Oct 27 2018 21:59:56 GMT+0530 (India Standard Time): GET /
Sat Oct 27 2018 21:59:57 GMT+0530 (India Standard Time): GET /about
Sat Oct 27 2018 21:59:58 GMT+0530 (India Standard Time): GET /about
Sat Oct 27 2018 21:59:59 GMT+0530 (India Standard Time): GET /
Sat Oct 27 2018 22:00:59 GMT+0530 (India Standard Time): GET /
Sat Oct 27 2018 22:01:00 GMT+0530 (India Standard Time): GET /
